<?xml version="1.0" encoding="UTF-8"?>
<testsuite name="DiceTest" tests="2" skipped="0" failures="0" errors="0" timestamp="2021-10-28T19:58:02" hostname="Gordons-MacBook-Pro.local" time="0.021">
  <properties/>
  <testcase name="diceTestWithInRange()" classname="DiceTest" time="0.02"/>
  <testcase name="diceTestReturnType()" classname="DiceTest" time="0.0"/>
  <system-out><![CDATA[]]></system-out>
  <system-err><![CDATA[]]></system-err>
</testsuite>
