<?xml version="1.0" encoding="UTF-8"?>
<testsuite name="CapitalTest" tests="2" skipped="0" failures="0" errors="0" timestamp="2021-10-28T19:58:02" hostname="Gordons-MacBook-Pro.local" time="0.002">
  <properties/>
  <testcase name="testCapitalMoneyType()" classname="CapitalTest" time="0.001"/>
  <testcase name="testCapitalMonetRange()" classname="CapitalTest" time="0.0"/>
  <system-out><![CDATA[]]></system-out>
  <system-err><![CDATA[]]></system-err>
</testsuite>
